<?xml version="1.0" encoding="utf-8" standalone="no"?>
<test-run id="2" testcasecount="4" result="Failed" total="3" passed="2" failed="1" inconclusive="0" skipped="0" asserts="0" engine-version="3.9.0.0" clr-version="4.0.30319.42000" start-time="2019-01-30 16:27:01Z" end-time="2019-01-30 16:27:52Z" duration="51.468509">
  <command-line><![CDATA[nunit3-console.exe  C:\Users\sbusireddy\TX_VisualLease_Automation\TxAutomateFramework\bin\Debug\\TxAutomateFramework.dll --where "cat==mytag1 || cat==TC001_Create_Lease"]]></command-line>
  <filter>
    <or>
      <cat>mytag1</cat>
      <cat>TC001_Create_Lease</cat>
    </or>
  </filter>
  <test-suite type="Assembly" id="0-1009" name="TxAutomateFramework.dll" fullname="TxAutomateFramework.dll" runstate="Runnable" testcasecount="4" result="Failed" site="Child" start-time="2019-01-30 16:27:02Z" end-time="2019-01-30 16:27:52Z" duration="50.427001" total="3" passed="2" failed="1" warnings="0" inconclusive="0" skipped="0" asserts="0">
    <environment framework-version="3.11.0.0" clr-version="4.0.30319.42000" os-version="Microsoft Windows NT 10.0.17134.0" platform="Win32NT" cwd="C:\Users\sbusireddy\TX_VisualLease_Automation\packages\NUnit.ConsoleRunner.3.9.0\tools" machine-name="VL-WBR-SABU1" user="sbusireddy" user-domain="VISUALLEASE" culture="en-US" uiculture="en-US" os-architecture="x64" />
    <settings>
      <setting name="DisposeRunners" value="True" />
      <setting name="WorkDirectory" value="C:\Users\sbusireddy\TX_VisualLease_Automation\packages\NUnit.ConsoleRunner.3.9.0\tools" />
      <setting name="ImageRuntimeVersion" value="4.0.30319" />
      <setting name="ImageTargetFrameworkName" value=".NETFramework,Version=v4.6.1" />
      <setting name="ImageRequiresX86" value="False" />
      <setting name="ImageRequiresDefaultAppDomainAssemblyResolver" value="False" />
      <setting name="NumberOfTestWorkers" value="2" />
    </settings>
    <properties>
      <property name="ParallelScope" value="Fixtures" />
      <property name="_PID" value="14676" />
      <property name="_APPDOMAIN" value="domain-" />
    </properties>
    <failure>
      <message><![CDATA[One or more child tests had errors]]></message>
    </failure>
    <test-suite type="TestSuite" id="0-1010" name="TxAutomateFramework" fullname="TxAutomateFramework" runstate="Runnable" testcasecount="4" result="Failed" site="Child" start-time="2019-01-30 16:27:02Z" end-time="2019-01-30 16:27:52Z" duration="50.395395" total="3" passed="2" failed="1" warnings="0" inconclusive="0" skipped="0" asserts="0">
      <properties />
      <failure>
        <message><![CDATA[One or more child tests had errors]]></message>
      </failure>
      <test-suite type="TestSuite" id="0-1012" name="Features" fullname="TxAutomateFramework.Features" runstate="Runnable" testcasecount="3" result="Failed" site="Child" start-time="2019-01-30 16:27:02Z" end-time="2019-01-30 16:27:52Z" duration="50.394591" total="3" passed="2" failed="1" warnings="0" inconclusive="0" skipped="0" asserts="0">
        <properties />
        <failure>
          <message><![CDATA[One or more child tests had errors]]></message>
        </failure>
        <test-suite type="TestFixture" id="0-1002" name="VL_LoginFeature" fullname="TxAutomateFramework.Features.VL_LoginFeature" classname="TxAutomateFramework.Features.VL_LoginFeature" runstate="Runnable" testcasecount="2" result="Passed" start-time="2019-01-30 16:27:02Z" end-time="2019-01-30 16:27:33Z" duration="31.425930" total="2" passed="2" failed="0" warnings="0" inconclusive="0" skipped="0" asserts="0">
          <properties>
            <property name="Description" value="VL_Login" />
          </properties>
          <output><![CDATA[-> Using app.config
]]></output>
          <test-suite type="ParameterizedMethod" id="0-1005" name="LeaseGeneral_Mytag1" fullname="TxAutomateFramework.Features.VL_LoginFeature.LeaseGeneral_Mytag1" classname="TxAutomateFramework.Features.VL_LoginFeature" runstate="Runnable" testcasecount="2" result="Passed" start-time="2019-01-30 16:27:02Z" end-time="2019-01-30 16:27:33Z" duration="30.905745" total="2" passed="2" failed="0" warnings="0" inconclusive="0" skipped="0" asserts="0">
            <properties>
              <property name="Description" value="LeaseGeneral_mytag1" />
              <property name="Category" value="mytag1" />
            </properties>
            <test-case id="0-1003" name="LeaseGeneral_Mytag1(&quot;sbusireddy_admin&quot;,&quot;Welcome*2018&quot;,[&quot;source:mytag1.xlsx&quot;])" fullname="TxAutomateFramework.Features.VL_LoginFeature.LeaseGeneral_Mytag1(&quot;sbusireddy_admin&quot;,&quot;Welcome*2018&quot;,[&quot;source:mytag1.xlsx&quot;])" methodname="LeaseGeneral_Mytag1" classname="TxAutomateFramework.Features.VL_LoginFeature" runstate="Runnable" seed="10386460" result="Passed" start-time="2019-01-30 16:27:02Z" end-time="2019-01-30 16:27:22Z" duration="19.678237" asserts="0">
              <properties>
                <property name="Category" value="source:mytag1.xlsx" />
              </properties>
              <output><![CDATA[Browser Initialization
#8: Given Enter user name sbusireddy_admin
#9: Given Login to application sbusireddy_admin and Welcome*2018
-> #8: done: CommonMethods.GivenEnterUserName(" sbusireddy_admin") (0.4s)
#8: And Enter Password Welcome*2018
-> #8: done: CommonMethods.GivenEnterPassword(" Welcome*2018") (0.2s)
#8: When Click login button
-> #8: done: CommonMethods.WhenClickLoginButton() (4.0s)
#8: Then Assert home page displayed
-> #9: done: LeaseGeneralModuleSteps.GivenLoginToApplication("sbusireddy_admin", "Welcome*2018") (4.7s)
#9: And I Navigate to Lease -> New page
-> #8: done: CommonMethods.ThenHomePageShouldBeDisplayed() (0.5s)
OpenQA.Selenium.Chrome.ChromeDriver
Get the file to write
Before QTest Update
TxAutomateFramework.API.ApiException: Error calling SubmitAutomationTestLogs: {"message":"Parent Module not found."}
TxAutomateFramework.API.ApiException: Error calling SubmitAutomationTestLogs: {"message":"Parent Module not found."}
After QTest Update
-> #9: done: LeaseGeneralModuleSteps.GivenINavigateToLease_NewPage() (7.6s)
#9: Then I entered all the mandatory information for creating new lease form Property and Retail and 5237 - APM and Office and 100 Woodbridge Center Drive and Woodbridge and NJ and 07095 and United States and Org Level 2 and Americas and Ground and Leased and Gross and 2500 and SY and Acre
#8: Given Enter user name sbusireddy_admin
-> #8: done: CommonMethods.GivenEnterUserName(" sbusireddy_admin") (0.3s)
#8: And Enter Password Welcome*2018
-> #8: done: CommonMethods.GivenEnterPassword(" Welcome*2018") (0.2s)
#8: When Click login button
-> #8: done: CommonMethods.WhenClickLoginButton() (2.3s)
#8: Then Assert home page displayed
-> #8: done: CommonMethods.ThenHomePageShouldBeDisplayed() (0.4s)
-> #9: done: LeaseGeneralModuleSteps.ThenIEnteredAllTheMandatoryInformationForCreatingNewLeaseForm("Property", "Retail", "5237 - APM", "Office", "100 Woodbridge Ce...", "Woodbridge", "NJ", "07095", "United States", "Org Level 2", "Americas", "Ground", "Leased", "Gross", "2500", "SY", "Acre") (23.2s)
#9: When I press Save and Create Lease button
-> #9: done: LeaseGeneralModuleSteps.WhenIPressSaveAndCreateLeaseButton() (4.9s)
#9: Then The default page of lease should be displayed
-> #9: error: The ScenarioContext.Current static accessor cannot be used in multi-threaded execution. Try injecting the scenario context to the binding class. See http://go.specflow.org/doc-multithreaded for details.
#9: Then I do logout from application
-> #9: skipped because of previous errors
#9: Then Enter record id
-> #9: skipped because of previous errors
]]></output>
            </test-case>
            <test-case id="0-1004" name="LeaseGeneral_Mytag1(&quot;sbusireddy_admin&quot;,&quot;Welcome*2018&quot;,[&quot;source:mytag1.xlsx&quot;])" fullname="TxAutomateFramework.Features.VL_LoginFeature.LeaseGeneral_Mytag1(&quot;sbusireddy_admin&quot;,&quot;Welcome*2018&quot;,[&quot;source:mytag1.xlsx&quot;])" methodname="LeaseGeneral_Mytag1" classname="TxAutomateFramework.Features.VL_LoginFeature" runstate="Runnable" seed="792986202" result="Passed" start-time="2019-01-30 16:27:22Z" end-time="2019-01-30 16:27:33Z" duration="11.123273" asserts="0">
              <properties>
                <property name="Category" value="source:mytag1.xlsx" />
              </properties>
              <output><![CDATA[Browser Initialization
OpenQA.Selenium.Chrome.ChromeDriver
Get the file to write
Before QTest Update
TxAutomateFramework.API.ApiException: Error calling SubmitAutomationTestLogs: {"message":"Parent Module not found."}
TxAutomateFramework.API.ApiException: Error calling SubmitAutomationTestLogs: {"message":"Parent Module not found."}
After QTest Update
]]></output>
            </test-case>
          </test-suite>
        </test-suite>
        <test-suite type="TestFixture" id="0-1006" name="LeaseGeneralModuleFeature" fullname="TxAutomateFramework.Features.LeaseGeneralModuleFeature" classname="TxAutomateFramework.Features.LeaseGeneralModuleFeature" runstate="Runnable" testcasecount="1" result="Failed" site="Child" start-time="2019-01-30 16:27:02Z" end-time="2019-01-30 16:27:52Z" duration="50.393936" total="1" passed="0" failed="1" warnings="0" inconclusive="0" skipped="0" asserts="0">
          <properties>
            <property name="Description" value="LeaseGeneralModule" />
          </properties>
          <failure>
            <message><![CDATA[One or more child tests had errors]]></message>
          </failure>
          <test-suite type="ParameterizedMethod" id="0-1008" name="LeaseGeneral_TC001_Create_Lease" fullname="TxAutomateFramework.Features.LeaseGeneralModuleFeature.LeaseGeneral_TC001_Create_Lease" classname="TxAutomateFramework.Features.LeaseGeneralModuleFeature" runstate="Runnable" testcasecount="1" result="Failed" site="Child" start-time="2019-01-30 16:27:02Z" end-time="2019-01-30 16:27:52Z" duration="49.877182" total="1" passed="0" failed="1" warnings="0" inconclusive="0" skipped="0" asserts="0">
            <properties>
              <property name="Description" value="LeaseGeneral_TC001_Create_Lease" />
              <property name="Category" value="TC001_Create_Lease" />
            </properties>
            <failure>
              <message><![CDATA[One or more child tests had errors]]></message>
            </failure>
            <test-case id="0-1007" name="LeaseGeneral_TC001_Create_Lease(&quot;sbusireddy_admin&quot;,&quot;Welcome*2018&quot;,&quot;Property&quot;,&quot;Retail&quot;,&quot;5237 - APM&quot;,&quot;Office&quot;,&quot;100 Woodbridge Center Drive&quot;,&quot;Woodbridge&quot;,&quot;NJ&quot;,&quot;07095&quot;,&quot;United States&quot;,&quot;Org Level 2&quot;,&quot;Americas&quot;,&quot;Ground&quot;,&quot;Leased&quot;,&quot;Gross&quot;,&quot;2500&quot;,&quot;SY&quot;,&quot;Acre&quot;,[&quot;Source:TC001_Create_Lease.xlsx&quot;])" fullname="TxAutomateFramework.Features.LeaseGeneralModuleFeature.LeaseGeneral_TC001_Create_Lease(&quot;sbusireddy_admin&quot;,&quot;Welcome*2018&quot;,&quot;Property&quot;,&quot;Retail&quot;,&quot;5237 - APM&quot;,&quot;Office&quot;,&quot;100 Woodbridge Center Drive&quot;,&quot;Woodbridge&quot;,&quot;NJ&quot;,&quot;07095&quot;,&quot;United States&quot;,&quot;Org Level 2&quot;,&quot;Americas&quot;,&quot;Ground&quot;,&quot;Leased&quot;,&quot;Gross&quot;,&quot;2500&quot;,&quot;SY&quot;,&quot;Acre&quot;,[&quot;Source:TC001_Create_Lease.xlsx&quot;])" methodname="LeaseGeneral_TC001_Create_Lease" classname="TxAutomateFramework.Features.LeaseGeneralModuleFeature" runstate="Runnable" seed="735528364" result="Failed" label="Error" start-time="2019-01-30 16:27:02Z" end-time="2019-01-30 16:27:52Z" duration="49.877101" asserts="0">
              <properties>
                <property name="Category" value="Source:TC001_Create_Lease.xlsx" />
              </properties>
              <failure>
                <message><![CDATA[TechTalk.SpecFlow.SpecFlowException : The ScenarioContext.Current static accessor cannot be used in multi-threaded execution. Try injecting the scenario context to the binding class. See http://go.specflow.org/doc-multithreaded for details.]]></message>
                <stack-trace><![CDATA[   at TechTalk.SpecFlow.ScenarioContext.get_Current()
   at TxAutomateFramework.Steps.LeaseGeneralModuleSteps.ThenTheDefaultPageOfLeaseShouldBeDisplayed() in C:\Users\sbusireddy\TX_VisualLease_Automation\TxAutomateFramework\Steps\LeaseGeneralModuleSteps.cs:line 130
   at TechTalk.SpecFlow.Bindings.BindingInvoker.InvokeBinding(IBinding binding, IContextManager contextManager, Object[] arguments, ITestTracer testTracer, TimeSpan& duration)
   at TechTalk.SpecFlow.Infrastructure.TestExecutionEngine.ExecuteStepMatch(BindingMatch match, Object[] arguments)
   at TechTalk.SpecFlow.Infrastructure.TestExecutionEngine.ExecuteStep(IContextManager contextManager, StepInstance stepInstance)
   at TechTalk.SpecFlow.Infrastructure.TestExecutionEngine.OnAfterLastStep()
   at TxAutomateFramework.Features.LeaseGeneralModuleFeature.ScenarioCleanup()
   at TxAutomateFramework.Features.LeaseGeneralModuleFeature.LeaseGeneral_TC001_Create_Lease(String lID, String password, String strRcrdType, String strClassification, String strBrand, String strPropType, String strStreetName, String strTown, String strState, String strPIN, String strCountry, String strOrganization, String strRegion, String strGrpName, String strOwnerType, String strRentType, String strArea, String strMesrmtArea, String strLandUnit, String[] exampleTags) in C:\Users\sbusireddy\TX_VisualLease_Automation\TxAutomateFramework\Features\LeaseGeneralPage.feature:line 13]]></stack-trace>
              </failure>
              <output><![CDATA[Browser Initialization
2019-01-30 11:27:16,040 INFO TxAutomateFramework.Steps.LeaseGeneralModuleSteps - Login to Application
2019-01-30 11:27:23,648 INFO TxAutomateFramework.Steps.LeaseGeneralModuleSteps - Navigate to New Lease page
2019-01-30 11:27:23,720 INFO TxAutomateFramework.Steps.LeaseGeneralModuleSteps - Enter Record ID
In GetSetValue
2019-01-30 11:27:24,159 INFO TxAutomateFramework.Steps.LeaseGeneralModuleSteps - Select Record Type
2019-01-30 11:27:24,601 INFO TxAutomateFramework.Steps.LeaseGeneralModuleSteps - Select Classification
2019-01-30 11:27:25,952 INFO TxAutomateFramework.Steps.LeaseGeneralModuleSteps - Select Brand
2019-01-30 11:27:37,318 INFO TxAutomateFramework.Steps.LeaseGeneralModuleSteps - Enter Original Start Date
2019-01-30 11:27:37,533 INFO TxAutomateFramework.Steps.LeaseGeneralModuleSteps - Select Property Type
2019-01-30 11:27:37,747 INFO TxAutomateFramework.Steps.LeaseGeneralModuleSteps - Enter Start Date
2019-01-30 11:27:37,898 INFO TxAutomateFramework.Steps.LeaseGeneralModuleSteps - Enter Address : Street Name, Town, State PIN and Country
2019-01-30 11:27:38,943 INFO TxAutomateFramework.Steps.LeaseGeneralModuleSteps - Select Organization
2019-01-30 11:27:42,497 INFO TxAutomateFramework.Steps.LeaseGeneralModuleSteps - Select Region
2019-01-30 11:27:45,946 INFO TxAutomateFramework.Steps.LeaseGeneralModuleSteps - Select Group Name
2019-01-30 11:27:46,086 INFO TxAutomateFramework.Steps.LeaseGeneralModuleSteps - Select Owner Type
2019-01-30 11:27:46,190 INFO TxAutomateFramework.Steps.LeaseGeneralModuleSteps - Enter End Date
2019-01-30 11:27:46,333 INFO TxAutomateFramework.Steps.LeaseGeneralModuleSteps - Select Rent Type
2019-01-30 11:27:46,490 INFO TxAutomateFramework.Steps.LeaseGeneralModuleSteps - Enter Rentable Area
2019-01-30 11:27:46,624 INFO TxAutomateFramework.Steps.LeaseGeneralModuleSteps - Select Measurment Area
2019-01-30 11:27:46,803 INFO TxAutomateFramework.Steps.LeaseGeneralModuleSteps - Select Land Unit
2019-01-30 11:27:51,835 INFO TxAutomateFramework.Steps.LeaseGeneralModuleSteps - Clicked on Save and Create Lease button
OpenQA.Selenium.Chrome.ChromeDriver
Get the file to write
]]></output>
            </test-case>
          </test-suite>
        </test-suite>
      </test-suite>
    </test-suite>
  </test-suite>
</test-run>